<?xml version="1.0" encoding="UTF-8"?>
<testsuite name="hello.itemservice.domain.ItemRepositoryTestV3" tests="3" skipped="0" failures="0" errors="0" timestamp="2023-08-08T04:01:01" hostname="johyeonhwaui-MacBookPro.local" time="0.793">
  <properties/>
  <testcase name="updateItem()" classname="hello.itemservice.domain.ItemRepositoryTestV3" time="0.686"/>
  <testcase name="save()" classname="hello.itemservice.domain.ItemRepositoryTestV3" time="0.011"/>
  <testcase name="findItems()" classname="hello.itemservice.domain.ItemRepositoryTestV3" time="0.092"/>
  <system-out><![CDATA[13:00:57.393 [Test worker] DEBUG org.springframework.test.context.BootstrapUtils - Instantiating CacheAwareContextLoaderDelegate from class [org.springframework.test.context.cache.DefaultCacheAwareContextLoaderDelegate]
13:00:57.408 [Test worker] DEBUG org.springframework.test.context.BootstrapUtils - Instantiating BootstrapContext using constructor [public org.springframework.test.context.support.DefaultBootstrapContext(java.lang.Class,org.springframework.test.context.CacheAwareContextLoaderDelegate)]
13:00:57.461 [Test worker] DEBUG org.springframework.test.context.BootstrapUtils - Instantiating TestContextBootstrapper for test class [hello.itemservice.domain.ItemRepositoryTestV3] from class [org.springframework.boot.test.context.SpringBootTestContextBootstrapper]
13:00:57.480 [Test worker] INFO org.springframework.boot.test.context.SpringBootTestContextBootstrapper - Neither @ContextConfiguration nor @ContextHierarchy found for test class [hello.itemservice.domain.ItemRepositoryTestV3], using SpringBootContextLoader
13:00:57.487 [Test worker] DEBUG org.springframework.test.context.support.AbstractContextLoader - Did not detect default resource location for test class [hello.itemservice.domain.ItemRepositoryTestV3]: class path resource [hello/itemservice/domain/ItemRepositoryTestV3-context.xml] does not exist
13:00:57.488 [Test worker] DEBUG org.springframework.test.context.support.AbstractContextLoader - Did not detect default resource location for test class [hello.itemservice.domain.ItemRepositoryTestV3]: class path resource [hello/itemservice/domain/ItemRepositoryTestV3Context.groovy] does not exist
13:00:57.488 [Test worker] INFO org.springframework.test.context.support.AbstractContextLoader - Could not detect default resource locations for test class [hello.itemservice.domain.ItemRepositoryTestV3]: no resource found for suffixes {-context.xml, Context.groovy}.
13:00:57.490 [Test worker] INFO org.springframework.test.context.support.AnnotationConfigContextLoaderUtils - Could not detect default configuration classes for test class [hello.itemservice.domain.ItemRepositoryTestV3]: ItemRepositoryTestV3 does not declare any static, non-private, non-final, nested classes annotated with @Configuration.
13:00:57.541 [Test worker] DEBUG org.springframework.test.context.support.ActiveProfilesUtils - Could not find an 'annotation declaring class' for annotation type [org.springframework.test.context.ActiveProfiles] and class [hello.itemservice.domain.ItemRepositoryTestV3]
13:00:57.626 [Test worker] DEBUG org.springframework.context.annotation.ClassPathScanningCandidateComponentProvider - Identified candidate component class: file [/Users/tomatocho/spring-data-access-technology-practice/build/classes/java/main/hello/itemservice/ItemServiceApplication.class]
13:00:57.628 [Test worker] INFO org.springframework.boot.test.context.SpringBootTestContextBootstrapper - Found @SpringBootConfiguration hello.itemservice.ItemServiceApplication for test class hello.itemservice.domain.ItemRepositoryTestV3
13:00:57.774 [Test worker] DEBUG org.springframework.boot.test.context.SpringBootTestContextBootstrapper - @TestExecutionListeners is not present for class [hello.itemservice.domain.ItemRepositoryTestV3]: using defaults.
13:00:57.775 [Test worker] INFO org.springframework.boot.test.context.SpringBootTestContextBootstrapper - Loaded default TestExecutionListener class names from location [META-INF/spring.factories]: [org.springframework.boot.test.autoconfigure.restdocs.RestDocsTestExecutionListener, org.springframework.boot.test.autoconfigure.web.client.MockRestServiceServerResetTestExecutionListener, org.springframework.boot.test.autoconfigure.web.servlet.MockMvcPrintOnlyOnFailureTestExecutionListener, org.springframework.boot.test.autoconfigure.web.servlet.WebDriverTestExecutionListener, org.springframework.boot.test.autoconfigure.webservices.client.MockWebServiceServerTestExecutionListener, org.springframework.boot.test.mock.mockito.MockitoTestExecutionListener, org.springframework.boot.test.mock.mockito.ResetMocksTestExecutionListener, org.springframework.test.context.web.ServletTestExecutionListener, org.springframework.test.context.support.DirtiesContextBeforeModesTestExecutionListener, org.springframework.test.context.event.ApplicationEventsTestExecutionListener, org.springframework.test.context.support.DependencyInjectionTestExecutionListener, org.springframework.test.context.support.DirtiesContextTestExecutionListener, org.springframework.test.context.transaction.TransactionalTestExecutionListener, org.springframework.test.context.jdbc.SqlScriptsTestExecutionListener, org.springframework.test.context.event.EventPublishingTestExecutionListener]
13:00:57.796 [Test worker] INFO org.springframework.boot.test.context.SpringBootTestContextBootstrapper - Using TestExecutionListeners: [org.springframework.test.context.web.ServletTestExecutionListener@615f972, org.springframework.test.context.support.DirtiesContextBeforeModesTestExecutionListener@285f09de, org.springframework.test.context.event.ApplicationEventsTestExecutionListener@73393584, org.springframework.boot.test.mock.mockito.MockitoTestExecutionListener@31500940, org.springframework.boot.test.autoconfigure.SpringBootDependencyInjectionTestExecutionListener@1827a871, org.springframework.test.context.support.DirtiesContextTestExecutionListener@48e64352, org.springframework.test.context.transaction.TransactionalTestExecutionListener@7249dadf, org.springframework.test.context.jdbc.SqlScriptsTestExecutionListener@4362d7df, org.springframework.test.context.event.EventPublishingTestExecutionListener@66238be2, org.springframework.boot.test.autoconfigure.restdocs.RestDocsTestExecutionListener@1c25b8a7, org.springframework.boot.test.autoconfigure.web.client.MockRestServiceServerResetTestExecutionListener@200606de, org.springframework.boot.test.autoconfigure.web.servlet.MockMvcPrintOnlyOnFailureTestExecutionListener@750fe12e, org.springframework.boot.test.autoconfigure.web.servlet.WebDriverTestExecutionListener@f8908f6, org.springframework.boot.test.autoconfigure.webservices.client.MockWebServiceServerTestExecutionListener@3e587920, org.springframework.boot.test.mock.mockito.ResetMocksTestExecutionListener@2ef8a8c3]
13:00:57.802 [Test worker] DEBUG org.springframework.test.context.support.AbstractDirtiesContextTestExecutionListener - Before test class: context [DefaultTestContext@2102a4d5 testClass = ItemRepositoryTestV3, testInstance = [null], testMethod = [null], testException = [null], mergedContextConfiguration = [WebMergedContextConfiguration@210386e0 testClass = ItemRepositoryTestV3, locations = '{}', classes = '{class hello.itemservice.ItemServiceApplication}', contextInitializerClasses = '[]', activeProfiles = '{}', propertySourceLocations = '{}', propertySourceProperties = '{org.springframework.boot.test.context.SpringBootTestContextBootstrapper=true}', contextCustomizers = set[org.springframework.boot.test.autoconfigure.actuate.metrics.MetricsExportContextCustomizerFactory$DisableMetricExportContextCustomizer@784b990c, org.springframework.boot.test.autoconfigure.properties.PropertyMappingContextCustomizer@0, org.springframework.boot.test.autoconfigure.web.servlet.WebDriverContextCustomizerFactory$Customizer@6bea52d4, org.springframework.boot.test.context.filter.ExcludeFilterContextCustomizer@aeab9a1, org.springframework.boot.test.json.DuplicateJsonObjectContextCustomizerFactory$DuplicateJsonObjectContextCustomizer@55342f40, org.springframework.boot.test.mock.mockito.MockitoContextCustomizer@0, org.springframework.boot.test.web.client.TestRestTemplateContextCustomizer@a202ccb, org.springframework.boot.test.context.SpringBootTestArgs@1, org.springframework.boot.test.context.SpringBootTestWebEnvironment@5be1d0a4], resourceBasePath = 'src/main/webapp', contextLoader = 'org.springframework.boot.test.context.SpringBootContextLoader', parent = [null]], attributes = map['org.springframework.test.context.web.ServletTestExecutionListener.activateListener' -> true]], class annotated with @DirtiesContext [false] with mode [null].

  .   ____          _            __ _ _
 /\\ / ___'_ __ _ _(_)_ __  __ _ \ \ \ \
( ( )\___ | '_ | '_| | '_ \/ _` | \ \ \ \
 \\/  ___)| |_)| | | | | || (_| |  ) ) ) )
  '  |____| .__|_| |_|_| |_\__, | / / / /
 =========|_|==============|___/=/_/_/_/
 :: Spring Boot ::                (v2.6.5)

2023-08-08 13:00:58.368  INFO 95182 --- [    Test worker] h.i.domain.ItemRepositoryTestV3          : Starting ItemRepositoryTestV3 using Java 11.0.15 on johyeonhwaui-MacBookPro.local with PID 95182 (started by tomatocho in /Users/tomatocho/spring-data-access-technology-practice)
2023-08-08 13:00:58.369  INFO 95182 --- [    Test worker] h.i.domain.ItemRepositoryTestV3          : The following 1 profile is active: "test"
2023-08-08 13:01:00.745  INFO 95182 --- [    Test worker] o.s.b.a.w.s.WelcomePageHandlerMapping    : Adding welcome page: class path resource [static/index.html]
2023-08-08 13:01:01.020 DEBUG 95182 --- [    Test worker] o.s.jdbc.datasource.DataSourceUtils      : Fetching JDBC Connection from DataSource
2023-08-08 13:01:01.021  INFO 95182 --- [    Test worker] com.zaxxer.hikari.HikariDataSource       : HikariPool-1 - Starting...
2023-08-08 13:01:01.261  INFO 95182 --- [    Test worker] com.zaxxer.hikari.HikariDataSource       : HikariPool-1 - Start completed.
2023-08-08 13:01:01.287 DEBUG 95182 --- [    Test worker] o.s.jdbc.datasource.DataSourceUtils      : Fetching JDBC Connection from DataSource
2023-08-08 13:01:01.288 DEBUG 95182 --- [    Test worker] o.s.jdbc.datasource.init.ScriptUtils     : Executing SQL script from URL [file:/Users/tomatocho/spring-data-access-technology-practice/build/resources/test/schema.sql]
2023-08-08 13:01:01.293 DEBUG 95182 --- [    Test worker] o.s.jdbc.datasource.init.ScriptUtils     : 0 returned as update count for SQL: drop table if exists item CASCADE
2023-08-08 13:01:01.306 DEBUG 95182 --- [    Test worker] o.s.jdbc.datasource.init.ScriptUtils     : 0 returned as update count for SQL: create table item ( id bigint generated by default as identity, item_name varchar(10), price integer, quantity integer, primary key (id) )
2023-08-08 13:01:01.306 DEBUG 95182 --- [    Test worker] o.s.jdbc.datasource.init.ScriptUtils     : Executed SQL script from URL [file:/Users/tomatocho/spring-data-access-technology-practice/build/resources/test/schema.sql] in 18 ms.
2023-08-08 13:01:01.438  INFO 95182 --- [    Test worker] h.i.domain.ItemRepositoryTestV3          : Started ItemRepositoryTestV3 in 3.583 seconds (JVM running for 5.237)
2023-08-08 13:01:01.469 DEBUG 95182 --- [    Test worker] o.s.jdbc.support.JdbcTransactionManager  : Creating new transaction with name [hello.itemservice.domain.ItemRepositoryTestV3.updateItem]: PROPAGATION_REQUIRED,ISOLATION_DEFAULT
2023-08-08 13:01:01.469 DEBUG 95182 --- [    Test worker] o.s.jdbc.support.JdbcTransactionManager  : Acquired Connection [HikariProxyConnection@1531532466 wrapping conn0: url=jdbc:h2:mem:fbade283-495d-4a9a-a8ca-7b47ce2b82ca user=SA] for JDBC transaction
2023-08-08 13:01:01.471 DEBUG 95182 --- [    Test worker] o.s.jdbc.support.JdbcTransactionManager  : Switching JDBC Connection [HikariProxyConnection@1531532466 wrapping conn0: url=jdbc:h2:mem:fbade283-495d-4a9a-a8ca-7b47ce2b82ca user=SA] to manual commit
2023-08-08 13:01:01.472  INFO 95182 --- [    Test worker] o.s.t.c.transaction.TransactionContext   : Began transaction (1) for test context [DefaultTestContext@2102a4d5 testClass = ItemRepositoryTestV3, testInstance = hello.itemservice.domain.ItemRepositoryTestV3@26a45089, testMethod = updateItem@ItemRepositoryTestV3, testException = [null], mergedContextConfiguration = [WebMergedContextConfiguration@210386e0 testClass = ItemRepositoryTestV3, locations = '{}', classes = '{class hello.itemservice.ItemServiceApplication}', contextInitializerClasses = '[]', activeProfiles = '{}', propertySourceLocations = '{}', propertySourceProperties = '{org.springframework.boot.test.context.SpringBootTestContextBootstrapper=true}', contextCustomizers = set[org.springframework.boot.test.autoconfigure.actuate.metrics.MetricsExportContextCustomizerFactory$DisableMetricExportContextCustomizer@784b990c, org.springframework.boot.test.autoconfigure.properties.PropertyMappingContextCustomizer@0, org.springframework.boot.test.autoconfigure.web.servlet.WebDriverContextCustomizerFactory$Customizer@6bea52d4, org.springframework.boot.test.context.filter.ExcludeFilterContextCustomizer@aeab9a1, org.springframework.boot.test.json.DuplicateJsonObjectContextCustomizerFactory$DuplicateJsonObjectContextCustomizer@55342f40, org.springframework.boot.test.mock.mockito.MockitoContextCustomizer@0, org.springframework.boot.test.web.client.TestRestTemplateContextCustomizer@a202ccb, org.springframework.boot.test.context.SpringBootTestArgs@1, org.springframework.boot.test.context.SpringBootTestWebEnvironment@5be1d0a4], resourceBasePath = 'src/main/webapp', contextLoader = 'org.springframework.boot.test.context.SpringBootContextLoader', parent = [null]], attributes = map['org.springframework.test.context.web.ServletTestExecutionListener.activateListener' -> true, 'org.springframework.test.context.web.ServletTestExecutionListener.populatedRequestContextHolder' -> true, 'org.springframework.test.context.web.ServletTestExecutionListener.resetRequestContextHolder' -> true, 'org.springframework.test.context.event.ApplicationEventsTestExecutionListener.recordApplicationEvents' -> false]]; transaction manager [org.springframework.jdbc.support.JdbcTransactionManager@75ed7512]; rollback [true]
2023-08-08 13:01:01.966 DEBUG 95182 --- [    Test worker] h.i.repository.mybatis.ItemMapper.save   : ==>  Preparing: insert into item (item_name, price, quantity) values (?, ?, ?)
2023-08-08 13:01:02.001 DEBUG 95182 --- [    Test worker] h.i.repository.mybatis.ItemMapper.save   : ==> Parameters: item1(String), 10000(Integer), 10(Integer)
2023-08-08 13:01:02.008 DEBUG 95182 --- [    Test worker] h.i.repository.mybatis.ItemMapper.save   : <==    Updates: 1
2023-08-08 13:01:02.016 DEBUG 95182 --- [    Test worker] h.i.r.mybatis.ItemMapper.update          : ==>  Preparing: update item set item_name=?, price=?, quantity=? where id = ?
2023-08-08 13:01:02.024 DEBUG 95182 --- [    Test worker] h.i.r.mybatis.ItemMapper.update          : ==> Parameters: item2(String), 20000(Integer), 30(Integer), 1(Long)
2023-08-08 13:01:02.026 DEBUG 95182 --- [    Test worker] h.i.r.mybatis.ItemMapper.update          : <==    Updates: 1
2023-08-08 13:01:02.028 DEBUG 95182 --- [    Test worker] h.i.r.mybatis.ItemMapper.findById        : ==>  Preparing: select id, item_name, price, quantity from item where id = ?
2023-08-08 13:01:02.034 DEBUG 95182 --- [    Test worker] h.i.r.mybatis.ItemMapper.findById        : ==> Parameters: 1(Long)
2023-08-08 13:01:02.053 TRACE 95182 --- [    Test worker] h.i.r.mybatis.ItemMapper.findById        : <==    Columns: ID, ITEM_NAME, PRICE, QUANTITY
2023-08-08 13:01:02.053 TRACE 95182 --- [    Test worker] h.i.r.mybatis.ItemMapper.findById        : <==        Row: 1, item2, 20000, 30
2023-08-08 13:01:02.056 DEBUG 95182 --- [    Test worker] h.i.r.mybatis.ItemMapper.findById        : <==      Total: 1
2023-08-08 13:01:02.137 DEBUG 95182 --- [    Test worker] o.s.jdbc.support.JdbcTransactionManager  : Initiating transaction rollback
2023-08-08 13:01:02.137 DEBUG 95182 --- [    Test worker] o.s.jdbc.support.JdbcTransactionManager  : Rolling back JDBC transaction on Connection [HikariProxyConnection@1531532466 wrapping conn0: url=jdbc:h2:mem:fbade283-495d-4a9a-a8ca-7b47ce2b82ca user=SA]
2023-08-08 13:01:02.139 DEBUG 95182 --- [    Test worker] o.s.jdbc.support.JdbcTransactionManager  : Releasing JDBC Connection [HikariProxyConnection@1531532466 wrapping conn0: url=jdbc:h2:mem:fbade283-495d-4a9a-a8ca-7b47ce2b82ca user=SA] after transaction
2023-08-08 13:01:02.139  INFO 95182 --- [    Test worker] o.s.t.c.transaction.TransactionContext   : Rolled back transaction for test: [DefaultTestContext@2102a4d5 testClass = ItemRepositoryTestV3, testInstance = hello.itemservice.domain.ItemRepositoryTestV3@26a45089, testMethod = updateItem@ItemRepositoryTestV3, testException = [null], mergedContextConfiguration = [WebMergedContextConfiguration@210386e0 testClass = ItemRepositoryTestV3, locations = '{}', classes = '{class hello.itemservice.ItemServiceApplication}', contextInitializerClasses = '[]', activeProfiles = '{}', propertySourceLocations = '{}', propertySourceProperties = '{org.springframework.boot.test.context.SpringBootTestContextBootstrapper=true}', contextCustomizers = set[org.springframework.boot.test.autoconfigure.actuate.metrics.MetricsExportContextCustomizerFactory$DisableMetricExportContextCustomizer@784b990c, org.springframework.boot.test.autoconfigure.properties.PropertyMappingContextCustomizer@0, org.springframework.boot.test.autoconfigure.web.servlet.WebDriverContextCustomizerFactory$Customizer@6bea52d4, org.springframework.boot.test.context.filter.ExcludeFilterContextCustomizer@aeab9a1, org.springframework.boot.test.json.DuplicateJsonObjectContextCustomizerFactory$DuplicateJsonObjectContextCustomizer@55342f40, org.springframework.boot.test.mock.mockito.MockitoContextCustomizer@0, org.springframework.boot.test.web.client.TestRestTemplateContextCustomizer@a202ccb, org.springframework.boot.test.context.SpringBootTestArgs@1, org.springframework.boot.test.context.SpringBootTestWebEnvironment@5be1d0a4], resourceBasePath = 'src/main/webapp', contextLoader = 'org.springframework.boot.test.context.SpringBootContextLoader', parent = [null]], attributes = map['org.springframework.test.context.web.ServletTestExecutionListener.activateListener' -> true, 'org.springframework.test.context.web.ServletTestExecutionListener.populatedRequestContextHolder' -> true, 'org.springframework.test.context.web.ServletTestExecutionListener.resetRequestContextHolder' -> true, 'org.springframework.test.context.event.ApplicationEventsTestExecutionListener.recordApplicationEvents' -> false]]
2023-08-08 13:01:02.150 DEBUG 95182 --- [    Test worker] o.s.jdbc.support.JdbcTransactionManager  : Creating new transaction with name [hello.itemservice.domain.ItemRepositoryTestV3.save]: PROPAGATION_REQUIRED,ISOLATION_DEFAULT
2023-08-08 13:01:02.151 DEBUG 95182 --- [    Test worker] o.s.jdbc.support.JdbcTransactionManager  : Acquired Connection [HikariProxyConnection@141697265 wrapping conn0: url=jdbc:h2:mem:fbade283-495d-4a9a-a8ca-7b47ce2b82ca user=SA] for JDBC transaction
2023-08-08 13:01:02.151 DEBUG 95182 --- [    Test worker] o.s.jdbc.support.JdbcTransactionManager  : Switching JDBC Connection [HikariProxyConnection@141697265 wrapping conn0: url=jdbc:h2:mem:fbade283-495d-4a9a-a8ca-7b47ce2b82ca user=SA] to manual commit
2023-08-08 13:01:02.151  INFO 95182 --- [    Test worker] o.s.t.c.transaction.TransactionContext   : Began transaction (1) for test context [DefaultTestContext@2102a4d5 testClass = ItemRepositoryTestV3, testInstance = hello.itemservice.domain.ItemRepositoryTestV3@77998ea7, testMethod = save@ItemRepositoryTestV3, testException = [null], mergedContextConfiguration = [WebMergedContextConfiguration@210386e0 testClass = ItemRepositoryTestV3, locations = '{}', classes = '{class hello.itemservice.ItemServiceApplication}', contextInitializerClasses = '[]', activeProfiles = '{}', propertySourceLocations = '{}', propertySourceProperties = '{org.springframework.boot.test.context.SpringBootTestContextBootstrapper=true}', contextCustomizers = set[org.springframework.boot.test.autoconfigure.actuate.metrics.MetricsExportContextCustomizerFactory$DisableMetricExportContextCustomizer@784b990c, org.springframework.boot.test.autoconfigure.properties.PropertyMappingContextCustomizer@0, org.springframework.boot.test.autoconfigure.web.servlet.WebDriverContextCustomizerFactory$Customizer@6bea52d4, org.springframework.boot.test.context.filter.ExcludeFilterContextCustomizer@aeab9a1, org.springframework.boot.test.json.DuplicateJsonObjectContextCustomizerFactory$DuplicateJsonObjectContextCustomizer@55342f40, org.springframework.boot.test.mock.mockito.MockitoContextCustomizer@0, org.springframework.boot.test.web.client.TestRestTemplateContextCustomizer@a202ccb, org.springframework.boot.test.context.SpringBootTestArgs@1, org.springframework.boot.test.context.SpringBootTestWebEnvironment@5be1d0a4], resourceBasePath = 'src/main/webapp', contextLoader = 'org.springframework.boot.test.context.SpringBootContextLoader', parent = [null]], attributes = map['org.springframework.test.context.web.ServletTestExecutionListener.activateListener' -> true, 'org.springframework.test.context.web.ServletTestExecutionListener.populatedRequestContextHolder' -> true, 'org.springframework.test.context.web.ServletTestExecutionListener.resetRequestContextHolder' -> true, 'org.springframework.test.context.event.ApplicationEventsTestExecutionListener.recordApplicationEvents' -> false]]; transaction manager [org.springframework.jdbc.support.JdbcTransactionManager@75ed7512]; rollback [true]
2023-08-08 13:01:02.153 DEBUG 95182 --- [    Test worker] h.i.repository.mybatis.ItemMapper.save   : ==>  Preparing: insert into item (item_name, price, quantity) values (?, ?, ?)
2023-08-08 13:01:02.154 DEBUG 95182 --- [    Test worker] h.i.repository.mybatis.ItemMapper.save   : ==> Parameters: itemA(String), 10000(Integer), 10(Integer)
2023-08-08 13:01:02.155 DEBUG 95182 --- [    Test worker] h.i.repository.mybatis.ItemMapper.save   : <==    Updates: 1
2023-08-08 13:01:02.155 DEBUG 95182 --- [    Test worker] h.i.r.mybatis.ItemMapper.findById        : ==>  Preparing: select id, item_name, price, quantity from item where id = ?
2023-08-08 13:01:02.156 DEBUG 95182 --- [    Test worker] h.i.r.mybatis.ItemMapper.findById        : ==> Parameters: 2(Long)
2023-08-08 13:01:02.156 TRACE 95182 --- [    Test worker] h.i.r.mybatis.ItemMapper.findById        : <==    Columns: ID, ITEM_NAME, PRICE, QUANTITY
2023-08-08 13:01:02.157 TRACE 95182 --- [    Test worker] h.i.r.mybatis.ItemMapper.findById        : <==        Row: 2, itemA, 10000, 10
2023-08-08 13:01:02.157 DEBUG 95182 --- [    Test worker] h.i.r.mybatis.ItemMapper.findById        : <==      Total: 1
2023-08-08 13:01:02.159 DEBUG 95182 --- [    Test worker] o.s.jdbc.support.JdbcTransactionManager  : Initiating transaction rollback
2023-08-08 13:01:02.159 DEBUG 95182 --- [    Test worker] o.s.jdbc.support.JdbcTransactionManager  : Rolling back JDBC transaction on Connection [HikariProxyConnection@141697265 wrapping conn0: url=jdbc:h2:mem:fbade283-495d-4a9a-a8ca-7b47ce2b82ca user=SA]
2023-08-08 13:01:02.160 DEBUG 95182 --- [    Test worker] o.s.jdbc.support.JdbcTransactionManager  : Releasing JDBC Connection [HikariProxyConnection@141697265 wrapping conn0: url=jdbc:h2:mem:fbade283-495d-4a9a-a8ca-7b47ce2b82ca user=SA] after transaction
2023-08-08 13:01:02.160  INFO 95182 --- [    Test worker] o.s.t.c.transaction.TransactionContext   : Rolled back transaction for test: [DefaultTestContext@2102a4d5 testClass = ItemRepositoryTestV3, testInstance = hello.itemservice.domain.ItemRepositoryTestV3@77998ea7, testMethod = save@ItemRepositoryTestV3, testException = [null], mergedContextConfiguration = [WebMergedContextConfiguration@210386e0 testClass = ItemRepositoryTestV3, locations = '{}', classes = '{class hello.itemservice.ItemServiceApplication}', contextInitializerClasses = '[]', activeProfiles = '{}', propertySourceLocations = '{}', propertySourceProperties = '{org.springframework.boot.test.context.SpringBootTestContextBootstrapper=true}', contextCustomizers = set[org.springframework.boot.test.autoconfigure.actuate.metrics.MetricsExportContextCustomizerFactory$DisableMetricExportContextCustomizer@784b990c, org.springframework.boot.test.autoconfigure.properties.PropertyMappingContextCustomizer@0, org.springframework.boot.test.autoconfigure.web.servlet.WebDriverContextCustomizerFactory$Customizer@6bea52d4, org.springframework.boot.test.context.filter.ExcludeFilterContextCustomizer@aeab9a1, org.springframework.boot.test.json.DuplicateJsonObjectContextCustomizerFactory$DuplicateJsonObjectContextCustomizer@55342f40, org.springframework.boot.test.mock.mockito.MockitoContextCustomizer@0, org.springframework.boot.test.web.client.TestRestTemplateContextCustomizer@a202ccb, org.springframework.boot.test.context.SpringBootTestArgs@1, org.springframework.boot.test.context.SpringBootTestWebEnvironment@5be1d0a4], resourceBasePath = 'src/main/webapp', contextLoader = 'org.springframework.boot.test.context.SpringBootContextLoader', parent = [null]], attributes = map['org.springframework.test.context.web.ServletTestExecutionListener.activateListener' -> true, 'org.springframework.test.context.web.ServletTestExecutionListener.populatedRequestContextHolder' -> true, 'org.springframework.test.context.web.ServletTestExecutionListener.resetRequestContextHolder' -> true, 'org.springframework.test.context.event.ApplicationEventsTestExecutionListener.recordApplicationEvents' -> false]]
2023-08-08 13:01:02.163 DEBUG 95182 --- [    Test worker] o.s.jdbc.support.JdbcTransactionManager  : Creating new transaction with name [hello.itemservice.domain.ItemRepositoryTestV3.findItems]: PROPAGATION_REQUIRED,ISOLATION_DEFAULT
2023-08-08 13:01:02.163 DEBUG 95182 --- [    Test worker] o.s.jdbc.support.JdbcTransactionManager  : Acquired Connection [HikariProxyConnection@797917388 wrapping conn0: url=jdbc:h2:mem:fbade283-495d-4a9a-a8ca-7b47ce2b82ca user=SA] for JDBC transaction
2023-08-08 13:01:02.163 DEBUG 95182 --- [    Test worker] o.s.jdbc.support.JdbcTransactionManager  : Switching JDBC Connection [HikariProxyConnection@797917388 wrapping conn0: url=jdbc:h2:mem:fbade283-495d-4a9a-a8ca-7b47ce2b82ca user=SA] to manual commit
2023-08-08 13:01:02.164  INFO 95182 --- [    Test worker] o.s.t.c.transaction.TransactionContext   : Began transaction (1) for test context [DefaultTestContext@2102a4d5 testClass = ItemRepositoryTestV3, testInstance = hello.itemservice.domain.ItemRepositoryTestV3@14d81f2c, testMethod = findItems@ItemRepositoryTestV3, testException = [null], mergedContextConfiguration = [WebMergedContextConfiguration@210386e0 testClass = ItemRepositoryTestV3, locations = '{}', classes = '{class hello.itemservice.ItemServiceApplication}', contextInitializerClasses = '[]', activeProfiles = '{}', propertySourceLocations = '{}', propertySourceProperties = '{org.springframework.boot.test.context.SpringBootTestContextBootstrapper=true}', contextCustomizers = set[org.springframework.boot.test.autoconfigure.actuate.metrics.MetricsExportContextCustomizerFactory$DisableMetricExportContextCustomizer@784b990c, org.springframework.boot.test.autoconfigure.properties.PropertyMappingContextCustomizer@0, org.springframework.boot.test.autoconfigure.web.servlet.WebDriverContextCustomizerFactory$Customizer@6bea52d4, org.springframework.boot.test.context.filter.ExcludeFilterContextCustomizer@aeab9a1, org.springframework.boot.test.json.DuplicateJsonObjectContextCustomizerFactory$DuplicateJsonObjectContextCustomizer@55342f40, org.springframework.boot.test.mock.mockito.MockitoContextCustomizer@0, org.springframework.boot.test.web.client.TestRestTemplateContextCustomizer@a202ccb, org.springframework.boot.test.context.SpringBootTestArgs@1, org.springframework.boot.test.context.SpringBootTestWebEnvironment@5be1d0a4], resourceBasePath = 'src/main/webapp', contextLoader = 'org.springframework.boot.test.context.SpringBootContextLoader', parent = [null]], attributes = map['org.springframework.test.context.web.ServletTestExecutionListener.activateListener' -> true, 'org.springframework.test.context.web.ServletTestExecutionListener.populatedRequestContextHolder' -> true, 'org.springframework.test.context.web.ServletTestExecutionListener.resetRequestContextHolder' -> true, 'org.springframework.test.context.event.ApplicationEventsTestExecutionListener.recordApplicationEvents' -> false]]; transaction manager [org.springframework.jdbc.support.JdbcTransactionManager@75ed7512]; rollback [true]
2023-08-08 13:01:02.165 DEBUG 95182 --- [    Test worker] h.i.repository.mybatis.ItemMapper.save   : ==>  Preparing: insert into item (item_name, price, quantity) values (?, ?, ?)
2023-08-08 13:01:02.166 DEBUG 95182 --- [    Test worker] h.i.repository.mybatis.ItemMapper.save   : ==> Parameters: itemA-1(String), 10000(Integer), 10(Integer)
2023-08-08 13:01:02.167 DEBUG 95182 --- [    Test worker] h.i.repository.mybatis.ItemMapper.save   : <==    Updates: 1
2023-08-08 13:01:02.167 DEBUG 95182 --- [    Test worker] h.i.repository.mybatis.ItemMapper.save   : ==>  Preparing: insert into item (item_name, price, quantity) values (?, ?, ?)
2023-08-08 13:01:02.168 DEBUG 95182 --- [    Test worker] h.i.repository.mybatis.ItemMapper.save   : ==> Parameters: itemA-2(String), 20000(Integer), 20(Integer)
2023-08-08 13:01:02.168 DEBUG 95182 --- [    Test worker] h.i.repository.mybatis.ItemMapper.save   : <==    Updates: 1
2023-08-08 13:01:02.168 DEBUG 95182 --- [    Test worker] h.i.repository.mybatis.ItemMapper.save   : ==>  Preparing: insert into item (item_name, price, quantity) values (?, ?, ?)
2023-08-08 13:01:02.169 DEBUG 95182 --- [    Test worker] h.i.repository.mybatis.ItemMapper.save   : ==> Parameters: itemB-1(String), 30000(Integer), 30(Integer)
2023-08-08 13:01:02.169 DEBUG 95182 --- [    Test worker] h.i.repository.mybatis.ItemMapper.save   : <==    Updates: 1
2023-08-08 13:01:02.198 DEBUG 95182 --- [    Test worker] h.i.r.mybatis.ItemMapper.findAll         : ==>  Preparing: select id, item_name, price, quantity from item
2023-08-08 13:01:02.199 DEBUG 95182 --- [    Test worker] h.i.r.mybatis.ItemMapper.findAll         : ==> Parameters: 
2023-08-08 13:01:02.200 TRACE 95182 --- [    Test worker] h.i.r.mybatis.ItemMapper.findAll         : <==    Columns: ID, ITEM_NAME, PRICE, QUANTITY
2023-08-08 13:01:02.201 TRACE 95182 --- [    Test worker] h.i.r.mybatis.ItemMapper.findAll         : <==        Row: 3, itemA-1, 10000, 10
2023-08-08 13:01:02.202 TRACE 95182 --- [    Test worker] h.i.r.mybatis.ItemMapper.findAll         : <==        Row: 4, itemA-2, 20000, 20
2023-08-08 13:01:02.203 TRACE 95182 --- [    Test worker] h.i.r.mybatis.ItemMapper.findAll         : <==        Row: 5, itemB-1, 30000, 30
2023-08-08 13:01:02.203 DEBUG 95182 --- [    Test worker] h.i.r.mybatis.ItemMapper.findAll         : <==      Total: 3
2023-08-08 13:01:02.225 DEBUG 95182 --- [    Test worker] h.i.r.mybatis.ItemMapper.findAll         : ==>  Preparing: select id, item_name, price, quantity from item WHERE item_name like concat('%', ?, '%')
2023-08-08 13:01:02.226 DEBUG 95182 --- [    Test worker] h.i.r.mybatis.ItemMapper.findAll         : ==> Parameters: itemA(String)
2023-08-08 13:01:02.228 TRACE 95182 --- [    Test worker] h.i.r.mybatis.ItemMapper.findAll         : <==    Columns: ID, ITEM_NAME, PRICE, QUANTITY
2023-08-08 13:01:02.228 TRACE 95182 --- [    Test worker] h.i.r.mybatis.ItemMapper.findAll         : <==        Row: 3, itemA-1, 10000, 10
2023-08-08 13:01:02.229 TRACE 95182 --- [    Test worker] h.i.r.mybatis.ItemMapper.findAll         : <==        Row: 4, itemA-2, 20000, 20
2023-08-08 13:01:02.230 DEBUG 95182 --- [    Test worker] h.i.r.mybatis.ItemMapper.findAll         : <==      Total: 2
2023-08-08 13:01:02.232 DEBUG 95182 --- [    Test worker] h.i.r.mybatis.ItemMapper.findAll         : ==>  Preparing: select id, item_name, price, quantity from item WHERE item_name like concat('%', ?, '%')
2023-08-08 13:01:02.232 DEBUG 95182 --- [    Test worker] h.i.r.mybatis.ItemMapper.findAll         : ==> Parameters: temA(String)
2023-08-08 13:01:02.233 TRACE 95182 --- [    Test worker] h.i.r.mybatis.ItemMapper.findAll         : <==    Columns: ID, ITEM_NAME, PRICE, QUANTITY
2023-08-08 13:01:02.233 TRACE 95182 --- [    Test worker] h.i.r.mybatis.ItemMapper.findAll         : <==        Row: 3, itemA-1, 10000, 10
2023-08-08 13:01:02.234 TRACE 95182 --- [    Test worker] h.i.r.mybatis.ItemMapper.findAll         : <==        Row: 4, itemA-2, 20000, 20
2023-08-08 13:01:02.235 DEBUG 95182 --- [    Test worker] h.i.r.mybatis.ItemMapper.findAll         : <==      Total: 2
2023-08-08 13:01:02.236 DEBUG 95182 --- [    Test worker] h.i.r.mybatis.ItemMapper.findAll         : ==>  Preparing: select id, item_name, price, quantity from item WHERE item_name like concat('%', ?, '%')
2023-08-08 13:01:02.237 DEBUG 95182 --- [    Test worker] h.i.r.mybatis.ItemMapper.findAll         : ==> Parameters: itemB(String)
2023-08-08 13:01:02.239 TRACE 95182 --- [    Test worker] h.i.r.mybatis.ItemMapper.findAll         : <==    Columns: ID, ITEM_NAME, PRICE, QUANTITY
2023-08-08 13:01:02.239 TRACE 95182 --- [    Test worker] h.i.r.mybatis.ItemMapper.findAll         : <==        Row: 5, itemB-1, 30000, 30
2023-08-08 13:01:02.241 DEBUG 95182 --- [    Test worker] h.i.r.mybatis.ItemMapper.findAll         : <==      Total: 1
2023-08-08 13:01:02.243 DEBUG 95182 --- [    Test worker] h.i.r.mybatis.ItemMapper.findAll         : ==>  Preparing: select id, item_name, price, quantity from item WHERE price <= ?
2023-08-08 13:01:02.244 DEBUG 95182 --- [    Test worker] h.i.r.mybatis.ItemMapper.findAll         : ==> Parameters: 10000(Integer)
2023-08-08 13:01:02.246 TRACE 95182 --- [    Test worker] h.i.r.mybatis.ItemMapper.findAll         : <==    Columns: ID, ITEM_NAME, PRICE, QUANTITY
2023-08-08 13:01:02.246 TRACE 95182 --- [    Test worker] h.i.r.mybatis.ItemMapper.findAll         : <==        Row: 3, itemA-1, 10000, 10
2023-08-08 13:01:02.247 DEBUG 95182 --- [    Test worker] h.i.r.mybatis.ItemMapper.findAll         : <==      Total: 1
2023-08-08 13:01:02.248 DEBUG 95182 --- [    Test worker] h.i.r.mybatis.ItemMapper.findAll         : ==>  Preparing: select id, item_name, price, quantity from item WHERE item_name like concat('%', ?, '%') and price <= ?
2023-08-08 13:01:02.249 DEBUG 95182 --- [    Test worker] h.i.r.mybatis.ItemMapper.findAll         : ==> Parameters: itemA(String), 10000(Integer)
2023-08-08 13:01:02.250 TRACE 95182 --- [    Test worker] h.i.r.mybatis.ItemMapper.findAll         : <==    Columns: ID, ITEM_NAME, PRICE, QUANTITY
2023-08-08 13:01:02.250 TRACE 95182 --- [    Test worker] h.i.r.mybatis.ItemMapper.findAll         : <==        Row: 3, itemA-1, 10000, 10
2023-08-08 13:01:02.250 DEBUG 95182 --- [    Test worker] h.i.r.mybatis.ItemMapper.findAll         : <==      Total: 1
2023-08-08 13:01:02.252 DEBUG 95182 --- [    Test worker] o.s.jdbc.support.JdbcTransactionManager  : Initiating transaction rollback
2023-08-08 13:01:02.253 DEBUG 95182 --- [    Test worker] o.s.jdbc.support.JdbcTransactionManager  : Rolling back JDBC transaction on Connection [HikariProxyConnection@797917388 wrapping conn0: url=jdbc:h2:mem:fbade283-495d-4a9a-a8ca-7b47ce2b82ca user=SA]
2023-08-08 13:01:02.253 DEBUG 95182 --- [    Test worker] o.s.jdbc.support.JdbcTransactionManager  : Releasing JDBC Connection [HikariProxyConnection@797917388 wrapping conn0: url=jdbc:h2:mem:fbade283-495d-4a9a-a8ca-7b47ce2b82ca user=SA] after transaction
2023-08-08 13:01:02.253  INFO 95182 --- [    Test worker] o.s.t.c.transaction.TransactionContext   : Rolled back transaction for test: [DefaultTestContext@2102a4d5 testClass = ItemRepositoryTestV3, testInstance = hello.itemservice.domain.ItemRepositoryTestV3@14d81f2c, testMethod = findItems@ItemRepositoryTestV3, testException = [null], mergedContextConfiguration = [WebMergedContextConfiguration@210386e0 testClass = ItemRepositoryTestV3, locations = '{}', classes = '{class hello.itemservice.ItemServiceApplication}', contextInitializerClasses = '[]', activeProfiles = '{}', propertySourceLocations = '{}', propertySourceProperties = '{org.springframework.boot.test.context.SpringBootTestContextBootstrapper=true}', contextCustomizers = set[org.springframework.boot.test.autoconfigure.actuate.metrics.MetricsExportContextCustomizerFactory$DisableMetricExportContextCustomizer@784b990c, org.springframework.boot.test.autoconfigure.properties.PropertyMappingContextCustomizer@0, org.springframework.boot.test.autoconfigure.web.servlet.WebDriverContextCustomizerFactory$Customizer@6bea52d4, org.springframework.boot.test.context.filter.ExcludeFilterContextCustomizer@aeab9a1, org.springframework.boot.test.json.DuplicateJsonObjectContextCustomizerFactory$DuplicateJsonObjectContextCustomizer@55342f40, org.springframework.boot.test.mock.mockito.MockitoContextCustomizer@0, org.springframework.boot.test.web.client.TestRestTemplateContextCustomizer@a202ccb, org.springframework.boot.test.context.SpringBootTestArgs@1, org.springframework.boot.test.context.SpringBootTestWebEnvironment@5be1d0a4], resourceBasePath = 'src/main/webapp', contextLoader = 'org.springframework.boot.test.context.SpringBootContextLoader', parent = [null]], attributes = map['org.springframework.test.context.web.ServletTestExecutionListener.activateListener' -> true, 'org.springframework.test.context.web.ServletTestExecutionListener.populatedRequestContextHolder' -> true, 'org.springframework.test.context.web.ServletTestExecutionListener.resetRequestContextHolder' -> true, 'org.springframework.test.context.event.ApplicationEventsTestExecutionListener.recordApplicationEvents' -> false]]
]]></system-out>
  <system-err><![CDATA[]]></system-err>
</testsuite>
