<?xml version="1.0" encoding="UTF-8"?>
<testsuite name="hello.itemservice.domain.ItemRepositoryTestV3" tests="3" skipped="0" failures="0" errors="0" timestamp="2023-08-09T08:35:09" hostname="johyeonhwaui-MacBookPro.local" time="0.503">
  <properties/>
  <testcase name="updateItem()" classname="hello.itemservice.domain.ItemRepositoryTestV3" time="0.309"/>
  <testcase name="save()" classname="hello.itemservice.domain.ItemRepositoryTestV3" time="0.011"/>
  <testcase name="findItems()" classname="hello.itemservice.domain.ItemRepositoryTestV3" time="0.18"/>
  <system-out><![CDATA[17:35:00.603 [Test worker] DEBUG org.springframework.test.context.BootstrapUtils - Instantiating CacheAwareContextLoaderDelegate from class [org.springframework.test.context.cache.DefaultCacheAwareContextLoaderDelegate]
17:35:00.630 [Test worker] DEBUG org.springframework.test.context.BootstrapUtils - Instantiating BootstrapContext using constructor [public org.springframework.test.context.support.DefaultBootstrapContext(java.lang.Class,org.springframework.test.context.CacheAwareContextLoaderDelegate)]
17:35:00.689 [Test worker] DEBUG org.springframework.test.context.BootstrapUtils - Instantiating TestContextBootstrapper for test class [hello.itemservice.domain.ItemRepositoryTestV3] from class [org.springframework.boot.test.context.SpringBootTestContextBootstrapper]
17:35:00.707 [Test worker] INFO org.springframework.boot.test.context.SpringBootTestContextBootstrapper - Neither @ContextConfiguration nor @ContextHierarchy found for test class [hello.itemservice.domain.ItemRepositoryTestV3], using SpringBootContextLoader
17:35:00.714 [Test worker] DEBUG org.springframework.test.context.support.AbstractContextLoader - Did not detect default resource location for test class [hello.itemservice.domain.ItemRepositoryTestV3]: class path resource [hello/itemservice/domain/ItemRepositoryTestV3-context.xml] does not exist
17:35:00.715 [Test worker] DEBUG org.springframework.test.context.support.AbstractContextLoader - Did not detect default resource location for test class [hello.itemservice.domain.ItemRepositoryTestV3]: class path resource [hello/itemservice/domain/ItemRepositoryTestV3Context.groovy] does not exist
17:35:00.715 [Test worker] INFO org.springframework.test.context.support.AbstractContextLoader - Could not detect default resource locations for test class [hello.itemservice.domain.ItemRepositoryTestV3]: no resource found for suffixes {-context.xml, Context.groovy}.
17:35:00.716 [Test worker] INFO org.springframework.test.context.support.AnnotationConfigContextLoaderUtils - Could not detect default configuration classes for test class [hello.itemservice.domain.ItemRepositoryTestV3]: ItemRepositoryTestV3 does not declare any static, non-private, non-final, nested classes annotated with @Configuration.
17:35:00.813 [Test worker] DEBUG org.springframework.test.context.support.ActiveProfilesUtils - Could not find an 'annotation declaring class' for annotation type [org.springframework.test.context.ActiveProfiles] and class [hello.itemservice.domain.ItemRepositoryTestV3]
17:35:00.945 [Test worker] DEBUG org.springframework.context.annotation.ClassPathScanningCandidateComponentProvider - Identified candidate component class: file [/Users/tomatocho/spring-data-access-technology-practice/build/classes/java/main/hello/itemservice/ItemServiceApplication.class]
17:35:00.948 [Test worker] INFO org.springframework.boot.test.context.SpringBootTestContextBootstrapper - Found @SpringBootConfiguration hello.itemservice.ItemServiceApplication for test class hello.itemservice.domain.ItemRepositoryTestV3
17:35:01.130 [Test worker] DEBUG org.springframework.boot.test.context.SpringBootTestContextBootstrapper - @TestExecutionListeners is not present for class [hello.itemservice.domain.ItemRepositoryTestV3]: using defaults.
17:35:01.132 [Test worker] INFO org.springframework.boot.test.context.SpringBootTestContextBootstrapper - Loaded default TestExecutionListener class names from location [META-INF/spring.factories]: [org.springframework.boot.test.autoconfigure.restdocs.RestDocsTestExecutionListener, org.springframework.boot.test.autoconfigure.web.client.MockRestServiceServerResetTestExecutionListener, org.springframework.boot.test.autoconfigure.web.servlet.MockMvcPrintOnlyOnFailureTestExecutionListener, org.springframework.boot.test.autoconfigure.web.servlet.WebDriverTestExecutionListener, org.springframework.boot.test.autoconfigure.webservices.client.MockWebServiceServerTestExecutionListener, org.springframework.boot.test.mock.mockito.MockitoTestExecutionListener, org.springframework.boot.test.mock.mockito.ResetMocksTestExecutionListener, org.springframework.test.context.web.ServletTestExecutionListener, org.springframework.test.context.support.DirtiesContextBeforeModesTestExecutionListener, org.springframework.test.context.event.ApplicationEventsTestExecutionListener, org.springframework.test.context.support.DependencyInjectionTestExecutionListener, org.springframework.test.context.support.DirtiesContextTestExecutionListener, org.springframework.test.context.transaction.TransactionalTestExecutionListener, org.springframework.test.context.jdbc.SqlScriptsTestExecutionListener, org.springframework.test.context.event.EventPublishingTestExecutionListener]
17:35:01.181 [Test worker] INFO org.springframework.boot.test.context.SpringBootTestContextBootstrapper - Using TestExecutionListeners: [org.springframework.test.context.web.ServletTestExecutionListener@6cc0bcf6, org.springframework.test.context.support.DirtiesContextBeforeModesTestExecutionListener@29539e36, org.springframework.test.context.event.ApplicationEventsTestExecutionListener@32f61a31, org.springframework.boot.test.mock.mockito.MockitoTestExecutionListener@f5c79a6, org.springframework.boot.test.autoconfigure.SpringBootDependencyInjectionTestExecutionListener@669253b7, org.springframework.test.context.support.DirtiesContextTestExecutionListener@5305c37d, org.springframework.test.context.transaction.TransactionalTestExecutionListener@51a06cbe, org.springframework.test.context.jdbc.SqlScriptsTestExecutionListener@3dddbe65, org.springframework.test.context.event.EventPublishingTestExecutionListener@49a64d82, org.springframework.boot.test.autoconfigure.restdocs.RestDocsTestExecutionListener@344561e0, org.springframework.boot.test.autoconfigure.web.client.MockRestServiceServerResetTestExecutionListener@66d23e4a, org.springframework.boot.test.autoconfigure.web.servlet.MockMvcPrintOnlyOnFailureTestExecutionListener@36ac8a63, org.springframework.boot.test.autoconfigure.web.servlet.WebDriverTestExecutionListener@4d9d1b69, org.springframework.boot.test.autoconfigure.webservices.client.MockWebServiceServerTestExecutionListener@52c8295b, org.springframework.boot.test.mock.mockito.ResetMocksTestExecutionListener@251f7d26]
17:35:01.193 [Test worker] DEBUG org.springframework.test.context.support.AbstractDirtiesContextTestExecutionListener - Before test class: context [DefaultTestContext@29caf222 testClass = ItemRepositoryTestV3, testInstance = [null], testMethod = [null], testException = [null], mergedContextConfiguration = [WebMergedContextConfiguration@46cf05f7 testClass = ItemRepositoryTestV3, locations = '{}', classes = '{class hello.itemservice.ItemServiceApplication}', contextInitializerClasses = '[]', activeProfiles = '{}', propertySourceLocations = '{}', propertySourceProperties = '{org.springframework.boot.test.context.SpringBootTestContextBootstrapper=true}', contextCustomizers = set[org.springframework.boot.test.autoconfigure.actuate.metrics.MetricsExportContextCustomizerFactory$DisableMetricExportContextCustomizer@7c541c15, org.springframework.boot.test.autoconfigure.properties.PropertyMappingContextCustomizer@0, org.springframework.boot.test.autoconfigure.web.servlet.WebDriverContextCustomizerFactory$Customizer@7516e4e5, org.springframework.boot.test.context.filter.ExcludeFilterContextCustomizer@3e7634b9, org.springframework.boot.test.json.DuplicateJsonObjectContextCustomizerFactory$DuplicateJsonObjectContextCustomizer@320de594, org.springframework.boot.test.mock.mockito.MockitoContextCustomizer@0, org.springframework.boot.test.web.client.TestRestTemplateContextCustomizer@7fc6de5b, org.springframework.boot.test.context.SpringBootTestArgs@1, org.springframework.boot.test.context.SpringBootTestWebEnvironment@7f2cfe3f], resourceBasePath = 'src/main/webapp', contextLoader = 'org.springframework.boot.test.context.SpringBootContextLoader', parent = [null]], attributes = map['org.springframework.test.context.web.ServletTestExecutionListener.activateListener' -> true]], class annotated with @DirtiesContext [false] with mode [null].

  .   ____          _            __ _ _
 /\\ / ___'_ __ _ _(_)_ __  __ _ \ \ \ \
( ( )\___ | '_ | '_| | '_ \/ _` | \ \ \ \
 \\/  ___)| |_)| | | | | || (_| |  ) ) ) )
  '  |____| .__|_| |_|_| |_\__, | / / / /
 =========|_|==============|___/=/_/_/_/
 :: Spring Boot ::                (v2.6.5)

2023-08-09 17:35:02.048  INFO 4651 --- [    Test worker] h.i.domain.ItemRepositoryTestV3          : Starting ItemRepositoryTestV3 using Java 11.0.15 on johyeonhwaui-MacBookPro.local with PID 4651 (started by tomatocho in /Users/tomatocho/spring-data-access-technology-practice)
2023-08-09 17:35:02.052  INFO 4651 --- [    Test worker] h.i.domain.ItemRepositoryTestV3          : The following 1 profile is active: "test"
2023-08-09 17:35:03.633  INFO 4651 --- [    Test worker] .s.d.r.c.RepositoryConfigurationDelegate : Bootstrapping Spring Data JPA repositories in DEFAULT mode.
2023-08-09 17:35:03.735  INFO 4651 --- [    Test worker] .s.d.r.c.RepositoryConfigurationDelegate : Finished Spring Data repository scanning in 87 ms. Found 1 JPA repository interfaces.
2023-08-09 17:35:04.386 DEBUG 4651 --- [    Test worker] o.s.jdbc.datasource.DataSourceUtils      : Fetching JDBC Connection from DataSource
2023-08-09 17:35:04.388  INFO 4651 --- [    Test worker] com.zaxxer.hikari.HikariDataSource       : HikariPool-1 - Starting...
2023-08-09 17:35:04.734  INFO 4651 --- [    Test worker] com.zaxxer.hikari.HikariDataSource       : HikariPool-1 - Start completed.
2023-08-09 17:35:04.771 DEBUG 4651 --- [    Test worker] o.s.jdbc.datasource.DataSourceUtils      : Fetching JDBC Connection from DataSource
2023-08-09 17:35:04.772 DEBUG 4651 --- [    Test worker] o.s.jdbc.datasource.init.ScriptUtils     : Executing SQL script from URL [file:/Users/tomatocho/spring-data-access-technology-practice/build/resources/test/schema.sql]
2023-08-09 17:35:04.782 DEBUG 4651 --- [    Test worker] o.s.jdbc.datasource.init.ScriptUtils     : 0 returned as update count for SQL: drop table if exists item CASCADE
2023-08-09 17:35:04.798 DEBUG 4651 --- [    Test worker] o.s.jdbc.datasource.init.ScriptUtils     : 0 returned as update count for SQL: create table item ( id bigint generated by default as identity, item_name varchar(10), price integer, quantity integer, primary key (id) )
2023-08-09 17:35:04.798 DEBUG 4651 --- [    Test worker] o.s.jdbc.datasource.init.ScriptUtils     : Executed SQL script from URL [file:/Users/tomatocho/spring-data-access-technology-practice/build/resources/test/schema.sql] in 25 ms.
2023-08-09 17:35:05.046 DEBUG 4651 --- [    Test worker] o.s.jdbc.datasource.DataSourceUtils      : Fetching JDBC Connection from DataSource
2023-08-09 17:35:05.195  INFO 4651 --- [    Test worker] o.hibernate.jpa.internal.util.LogHelper  : HHH000204: Processing PersistenceUnitInfo [name: default]
2023-08-09 17:35:05.375  INFO 4651 --- [    Test worker] org.hibernate.Version                    : HHH000412: Hibernate ORM core version 5.6.5.Final
2023-08-09 17:35:05.916  INFO 4651 --- [    Test worker] o.hibernate.annotations.common.Version   : HCANN000001: Hibernate Commons Annotations {5.1.2.Final}
2023-08-09 17:35:06.137  INFO 4651 --- [    Test worker] org.hibernate.dialect.Dialect            : HHH000400: Using dialect: org.hibernate.dialect.H2Dialect
2023-08-09 17:35:07.068 DEBUG 4651 --- [    Test worker] org.hibernate.SQL                        : drop table if exists item CASCADE 
2023-08-09 17:35:07.076 DEBUG 4651 --- [    Test worker] org.hibernate.SQL                        : create table item (id bigint generated by default as identity, item_name varchar(10), price integer, quantity integer, primary key (id))
2023-08-09 17:35:07.080  INFO 4651 --- [    Test worker] o.h.e.t.j.p.i.JtaPlatformInitiator       : HHH000490: Using JtaPlatform implementation: [org.hibernate.engine.transaction.jta.platform.internal.NoJtaPlatform]
2023-08-09 17:35:07.093  INFO 4651 --- [    Test worker] j.LocalContainerEntityManagerFactoryBean : Initialized JPA EntityManagerFactory for persistence unit 'default'
2023-08-09 17:35:07.499  WARN 4651 --- [    Test worker] JpaBaseConfiguration$JpaWebConfiguration : spring.jpa.open-in-view is enabled by default. Therefore, database queries may be performed during view rendering. Explicitly configure spring.jpa.open-in-view to disable this warning
2023-08-09 17:35:08.462  INFO 4651 --- [    Test worker] o.s.b.a.w.s.WelcomePageHandlerMapping    : Adding welcome page: class path resource [static/index.html]
2023-08-09 17:35:09.163  INFO 4651 --- [    Test worker] h.i.domain.ItemRepositoryTestV3          : Started ItemRepositoryTestV3 in 7.896 seconds (JVM running for 9.955)
2023-08-09 17:35:09.198  INFO 4651 --- [    Test worker] o.s.t.c.transaction.TransactionContext   : Began transaction (1) for test context [DefaultTestContext@29caf222 testClass = ItemRepositoryTestV3, testInstance = hello.itemservice.domain.ItemRepositoryTestV3@772589ed, testMethod = updateItem@ItemRepositoryTestV3, testException = [null], mergedContextConfiguration = [WebMergedContextConfiguration@46cf05f7 testClass = ItemRepositoryTestV3, locations = '{}', classes = '{class hello.itemservice.ItemServiceApplication}', contextInitializerClasses = '[]', activeProfiles = '{}', propertySourceLocations = '{}', propertySourceProperties = '{org.springframework.boot.test.context.SpringBootTestContextBootstrapper=true}', contextCustomizers = set[org.springframework.boot.test.autoconfigure.actuate.metrics.MetricsExportContextCustomizerFactory$DisableMetricExportContextCustomizer@7c541c15, org.springframework.boot.test.autoconfigure.properties.PropertyMappingContextCustomizer@0, org.springframework.boot.test.autoconfigure.web.servlet.WebDriverContextCustomizerFactory$Customizer@7516e4e5, org.springframework.boot.test.context.filter.ExcludeFilterContextCustomizer@3e7634b9, org.springframework.boot.test.json.DuplicateJsonObjectContextCustomizerFactory$DuplicateJsonObjectContextCustomizer@320de594, org.springframework.boot.test.mock.mockito.MockitoContextCustomizer@0, org.springframework.boot.test.web.client.TestRestTemplateContextCustomizer@7fc6de5b, org.springframework.boot.test.context.SpringBootTestArgs@1, org.springframework.boot.test.context.SpringBootTestWebEnvironment@7f2cfe3f], resourceBasePath = 'src/main/webapp', contextLoader = 'org.springframework.boot.test.context.SpringBootContextLoader', parent = [null]], attributes = map['org.springframework.test.context.web.ServletTestExecutionListener.activateListener' -> true, 'org.springframework.test.context.web.ServletTestExecutionListener.populatedRequestContextHolder' -> true, 'org.springframework.test.context.web.ServletTestExecutionListener.resetRequestContextHolder' -> true, 'org.springframework.test.context.event.ApplicationEventsTestExecutionListener.recordApplicationEvents' -> false]]; transaction manager [org.springframework.orm.jpa.JpaTransactionManager@4552e288]; rollback [true]
2023-08-09 17:35:09.366 DEBUG 4651 --- [    Test worker] org.hibernate.SQL                        : insert into item (id, item_name, price, quantity) values (default, ?, ?, ?)
2023-08-09 17:35:09.377 TRACE 4651 --- [    Test worker] o.h.type.descriptor.sql.BasicBinder      : binding parameter [1] as [VARCHAR] - [item1]
2023-08-09 17:35:09.378 TRACE 4651 --- [    Test worker] o.h.type.descriptor.sql.BasicBinder      : binding parameter [2] as [INTEGER] - [10000]
2023-08-09 17:35:09.378 TRACE 4651 --- [    Test worker] o.h.type.descriptor.sql.BasicBinder      : binding parameter [3] as [INTEGER] - [10]
2023-08-09 17:35:09.487  INFO 4651 --- [    Test worker] o.s.t.c.transaction.TransactionContext   : Rolled back transaction for test: [DefaultTestContext@29caf222 testClass = ItemRepositoryTestV3, testInstance = hello.itemservice.domain.ItemRepositoryTestV3@772589ed, testMethod = updateItem@ItemRepositoryTestV3, testException = [null], mergedContextConfiguration = [WebMergedContextConfiguration@46cf05f7 testClass = ItemRepositoryTestV3, locations = '{}', classes = '{class hello.itemservice.ItemServiceApplication}', contextInitializerClasses = '[]', activeProfiles = '{}', propertySourceLocations = '{}', propertySourceProperties = '{org.springframework.boot.test.context.SpringBootTestContextBootstrapper=true}', contextCustomizers = set[org.springframework.boot.test.autoconfigure.actuate.metrics.MetricsExportContextCustomizerFactory$DisableMetricExportContextCustomizer@7c541c15, org.springframework.boot.test.autoconfigure.properties.PropertyMappingContextCustomizer@0, org.springframework.boot.test.autoconfigure.web.servlet.WebDriverContextCustomizerFactory$Customizer@7516e4e5, org.springframework.boot.test.context.filter.ExcludeFilterContextCustomizer@3e7634b9, org.springframework.boot.test.json.DuplicateJsonObjectContextCustomizerFactory$DuplicateJsonObjectContextCustomizer@320de594, org.springframework.boot.test.mock.mockito.MockitoContextCustomizer@0, org.springframework.boot.test.web.client.TestRestTemplateContextCustomizer@7fc6de5b, org.springframework.boot.test.context.SpringBootTestArgs@1, org.springframework.boot.test.context.SpringBootTestWebEnvironment@7f2cfe3f], resourceBasePath = 'src/main/webapp', contextLoader = 'org.springframework.boot.test.context.SpringBootContextLoader', parent = [null]], attributes = map['org.springframework.test.context.web.ServletTestExecutionListener.activateListener' -> true, 'org.springframework.test.context.web.ServletTestExecutionListener.populatedRequestContextHolder' -> true, 'org.springframework.test.context.web.ServletTestExecutionListener.resetRequestContextHolder' -> true, 'org.springframework.test.context.event.ApplicationEventsTestExecutionListener.recordApplicationEvents' -> false]]
2023-08-09 17:35:09.499  INFO 4651 --- [    Test worker] o.s.t.c.transaction.TransactionContext   : Began transaction (1) for test context [DefaultTestContext@29caf222 testClass = ItemRepositoryTestV3, testInstance = hello.itemservice.domain.ItemRepositoryTestV3@3c00da24, testMethod = save@ItemRepositoryTestV3, testException = [null], mergedContextConfiguration = [WebMergedContextConfiguration@46cf05f7 testClass = ItemRepositoryTestV3, locations = '{}', classes = '{class hello.itemservice.ItemServiceApplication}', contextInitializerClasses = '[]', activeProfiles = '{}', propertySourceLocations = '{}', propertySourceProperties = '{org.springframework.boot.test.context.SpringBootTestContextBootstrapper=true}', contextCustomizers = set[org.springframework.boot.test.autoconfigure.actuate.metrics.MetricsExportContextCustomizerFactory$DisableMetricExportContextCustomizer@7c541c15, org.springframework.boot.test.autoconfigure.properties.PropertyMappingContextCustomizer@0, org.springframework.boot.test.autoconfigure.web.servlet.WebDriverContextCustomizerFactory$Customizer@7516e4e5, org.springframework.boot.test.context.filter.ExcludeFilterContextCustomizer@3e7634b9, org.springframework.boot.test.json.DuplicateJsonObjectContextCustomizerFactory$DuplicateJsonObjectContextCustomizer@320de594, org.springframework.boot.test.mock.mockito.MockitoContextCustomizer@0, org.springframework.boot.test.web.client.TestRestTemplateContextCustomizer@7fc6de5b, org.springframework.boot.test.context.SpringBootTestArgs@1, org.springframework.boot.test.context.SpringBootTestWebEnvironment@7f2cfe3f], resourceBasePath = 'src/main/webapp', contextLoader = 'org.springframework.boot.test.context.SpringBootContextLoader', parent = [null]], attributes = map['org.springframework.test.context.web.ServletTestExecutionListener.activateListener' -> true, 'org.springframework.test.context.web.ServletTestExecutionListener.populatedRequestContextHolder' -> true, 'org.springframework.test.context.web.ServletTestExecutionListener.resetRequestContextHolder' -> true, 'org.springframework.test.context.event.ApplicationEventsTestExecutionListener.recordApplicationEvents' -> false]]; transaction manager [org.springframework.orm.jpa.JpaTransactionManager@4552e288]; rollback [true]
2023-08-09 17:35:09.502 DEBUG 4651 --- [    Test worker] org.hibernate.SQL                        : insert into item (id, item_name, price, quantity) values (default, ?, ?, ?)
2023-08-09 17:35:09.503 TRACE 4651 --- [    Test worker] o.h.type.descriptor.sql.BasicBinder      : binding parameter [1] as [VARCHAR] - [itemA]
2023-08-09 17:35:09.503 TRACE 4651 --- [    Test worker] o.h.type.descriptor.sql.BasicBinder      : binding parameter [2] as [INTEGER] - [10000]
2023-08-09 17:35:09.503 TRACE 4651 --- [    Test worker] o.h.type.descriptor.sql.BasicBinder      : binding parameter [3] as [INTEGER] - [10]
2023-08-09 17:35:09.508  INFO 4651 --- [    Test worker] o.s.t.c.transaction.TransactionContext   : Rolled back transaction for test: [DefaultTestContext@29caf222 testClass = ItemRepositoryTestV3, testInstance = hello.itemservice.domain.ItemRepositoryTestV3@3c00da24, testMethod = save@ItemRepositoryTestV3, testException = [null], mergedContextConfiguration = [WebMergedContextConfiguration@46cf05f7 testClass = ItemRepositoryTestV3, locations = '{}', classes = '{class hello.itemservice.ItemServiceApplication}', contextInitializerClasses = '[]', activeProfiles = '{}', propertySourceLocations = '{}', propertySourceProperties = '{org.springframework.boot.test.context.SpringBootTestContextBootstrapper=true}', contextCustomizers = set[org.springframework.boot.test.autoconfigure.actuate.metrics.MetricsExportContextCustomizerFactory$DisableMetricExportContextCustomizer@7c541c15, org.springframework.boot.test.autoconfigure.properties.PropertyMappingContextCustomizer@0, org.springframework.boot.test.autoconfigure.web.servlet.WebDriverContextCustomizerFactory$Customizer@7516e4e5, org.springframework.boot.test.context.filter.ExcludeFilterContextCustomizer@3e7634b9, org.springframework.boot.test.json.DuplicateJsonObjectContextCustomizerFactory$DuplicateJsonObjectContextCustomizer@320de594, org.springframework.boot.test.mock.mockito.MockitoContextCustomizer@0, org.springframework.boot.test.web.client.TestRestTemplateContextCustomizer@7fc6de5b, org.springframework.boot.test.context.SpringBootTestArgs@1, org.springframework.boot.test.context.SpringBootTestWebEnvironment@7f2cfe3f], resourceBasePath = 'src/main/webapp', contextLoader = 'org.springframework.boot.test.context.SpringBootContextLoader', parent = [null]], attributes = map['org.springframework.test.context.web.ServletTestExecutionListener.activateListener' -> true, 'org.springframework.test.context.web.ServletTestExecutionListener.populatedRequestContextHolder' -> true, 'org.springframework.test.context.web.ServletTestExecutionListener.resetRequestContextHolder' -> true, 'org.springframework.test.context.event.ApplicationEventsTestExecutionListener.recordApplicationEvents' -> false]]
2023-08-09 17:35:09.511  INFO 4651 --- [    Test worker] o.s.t.c.transaction.TransactionContext   : Began transaction (1) for test context [DefaultTestContext@29caf222 testClass = ItemRepositoryTestV3, testInstance = hello.itemservice.domain.ItemRepositoryTestV3@186fc6e, testMethod = findItems@ItemRepositoryTestV3, testException = [null], mergedContextConfiguration = [WebMergedContextConfiguration@46cf05f7 testClass = ItemRepositoryTestV3, locations = '{}', classes = '{class hello.itemservice.ItemServiceApplication}', contextInitializerClasses = '[]', activeProfiles = '{}', propertySourceLocations = '{}', propertySourceProperties = '{org.springframework.boot.test.context.SpringBootTestContextBootstrapper=true}', contextCustomizers = set[org.springframework.boot.test.autoconfigure.actuate.metrics.MetricsExportContextCustomizerFactory$DisableMetricExportContextCustomizer@7c541c15, org.springframework.boot.test.autoconfigure.properties.PropertyMappingContextCustomizer@0, org.springframework.boot.test.autoconfigure.web.servlet.WebDriverContextCustomizerFactory$Customizer@7516e4e5, org.springframework.boot.test.context.filter.ExcludeFilterContextCustomizer@3e7634b9, org.springframework.boot.test.json.DuplicateJsonObjectContextCustomizerFactory$DuplicateJsonObjectContextCustomizer@320de594, org.springframework.boot.test.mock.mockito.MockitoContextCustomizer@0, org.springframework.boot.test.web.client.TestRestTemplateContextCustomizer@7fc6de5b, org.springframework.boot.test.context.SpringBootTestArgs@1, org.springframework.boot.test.context.SpringBootTestWebEnvironment@7f2cfe3f], resourceBasePath = 'src/main/webapp', contextLoader = 'org.springframework.boot.test.context.SpringBootContextLoader', parent = [null]], attributes = map['org.springframework.test.context.web.ServletTestExecutionListener.activateListener' -> true, 'org.springframework.test.context.web.ServletTestExecutionListener.populatedRequestContextHolder' -> true, 'org.springframework.test.context.web.ServletTestExecutionListener.resetRequestContextHolder' -> true, 'org.springframework.test.context.event.ApplicationEventsTestExecutionListener.recordApplicationEvents' -> false]]; transaction manager [org.springframework.orm.jpa.JpaTransactionManager@4552e288]; rollback [true]
2023-08-09 17:35:09.513  INFO 4651 --- [    Test worker] h.i.domain.ItemRepositoryTestV3          : repository=class hello.itemservice.repository.jpa.JpaItemRepositoryV3$$EnhancerBySpringCGLIB$$89714724
2023-08-09 17:35:09.514 DEBUG 4651 --- [    Test worker] org.hibernate.SQL                        : insert into item (id, item_name, price, quantity) values (default, ?, ?, ?)
2023-08-09 17:35:09.514 TRACE 4651 --- [    Test worker] o.h.type.descriptor.sql.BasicBinder      : binding parameter [1] as [VARCHAR] - [itemA-1]
2023-08-09 17:35:09.515 TRACE 4651 --- [    Test worker] o.h.type.descriptor.sql.BasicBinder      : binding parameter [2] as [INTEGER] - [10000]
2023-08-09 17:35:09.515 TRACE 4651 --- [    Test worker] o.h.type.descriptor.sql.BasicBinder      : binding parameter [3] as [INTEGER] - [10]
2023-08-09 17:35:09.516 DEBUG 4651 --- [    Test worker] org.hibernate.SQL                        : insert into item (id, item_name, price, quantity) values (default, ?, ?, ?)
2023-08-09 17:35:09.516 TRACE 4651 --- [    Test worker] o.h.type.descriptor.sql.BasicBinder      : binding parameter [1] as [VARCHAR] - [itemA-2]
2023-08-09 17:35:09.516 TRACE 4651 --- [    Test worker] o.h.type.descriptor.sql.BasicBinder      : binding parameter [2] as [INTEGER] - [20000]
2023-08-09 17:35:09.517 TRACE 4651 --- [    Test worker] o.h.type.descriptor.sql.BasicBinder      : binding parameter [3] as [INTEGER] - [20]
2023-08-09 17:35:09.518 DEBUG 4651 --- [    Test worker] org.hibernate.SQL                        : insert into item (id, item_name, price, quantity) values (default, ?, ?, ?)
2023-08-09 17:35:09.518 TRACE 4651 --- [    Test worker] o.h.type.descriptor.sql.BasicBinder      : binding parameter [1] as [VARCHAR] - [itemB-1]
2023-08-09 17:35:09.519 TRACE 4651 --- [    Test worker] o.h.type.descriptor.sql.BasicBinder      : binding parameter [2] as [INTEGER] - [30000]
2023-08-09 17:35:09.520 TRACE 4651 --- [    Test worker] o.h.type.descriptor.sql.BasicBinder      : binding parameter [3] as [INTEGER] - [30]
2023-08-09 17:35:09.620 DEBUG 4651 --- [    Test worker] org.hibernate.SQL                        : select item0_.id as id1_0_, item0_.item_name as item_nam2_0_, item0_.price as price3_0_, item0_.quantity as quantity4_0_ from item item0_
2023-08-09 17:35:09.653 DEBUG 4651 --- [    Test worker] org.hibernate.SQL                        : select item0_.id as id1_0_, item0_.item_name as item_nam2_0_, item0_.price as price3_0_, item0_.quantity as quantity4_0_ from item item0_
2023-08-09 17:35:09.665 DEBUG 4651 --- [    Test worker] org.hibernate.SQL                        : select item0_.id as id1_0_, item0_.item_name as item_nam2_0_, item0_.price as price3_0_, item0_.quantity as quantity4_0_ from item item0_ where item0_.item_name like ? escape '!'
2023-08-09 17:35:09.667 TRACE 4651 --- [    Test worker] o.h.type.descriptor.sql.BasicBinder      : binding parameter [1] as [VARCHAR] - [%itemA%]
2023-08-09 17:35:09.670 DEBUG 4651 --- [    Test worker] org.hibernate.SQL                        : select item0_.id as id1_0_, item0_.item_name as item_nam2_0_, item0_.price as price3_0_, item0_.quantity as quantity4_0_ from item item0_ where item0_.item_name like ? escape '!'
2023-08-09 17:35:09.670 TRACE 4651 --- [    Test worker] o.h.type.descriptor.sql.BasicBinder      : binding parameter [1] as [VARCHAR] - [%temA%]
2023-08-09 17:35:09.673 DEBUG 4651 --- [    Test worker] org.hibernate.SQL                        : select item0_.id as id1_0_, item0_.item_name as item_nam2_0_, item0_.price as price3_0_, item0_.quantity as quantity4_0_ from item item0_ where item0_.item_name like ? escape '!'
2023-08-09 17:35:09.673 TRACE 4651 --- [    Test worker] o.h.type.descriptor.sql.BasicBinder      : binding parameter [1] as [VARCHAR] - [%itemB%]
2023-08-09 17:35:09.679 DEBUG 4651 --- [    Test worker] org.hibernate.SQL                        : select item0_.id as id1_0_, item0_.item_name as item_nam2_0_, item0_.price as price3_0_, item0_.quantity as quantity4_0_ from item item0_ where item0_.price<=?
2023-08-09 17:35:09.680 TRACE 4651 --- [    Test worker] o.h.type.descriptor.sql.BasicBinder      : binding parameter [1] as [INTEGER] - [10000]
2023-08-09 17:35:09.684 DEBUG 4651 --- [    Test worker] org.hibernate.SQL                        : select item0_.id as id1_0_, item0_.item_name as item_nam2_0_, item0_.price as price3_0_, item0_.quantity as quantity4_0_ from item item0_ where (item0_.item_name like ? escape '!') and item0_.price<=?
2023-08-09 17:35:09.685 TRACE 4651 --- [    Test worker] o.h.type.descriptor.sql.BasicBinder      : binding parameter [1] as [VARCHAR] - [%itemA%]
2023-08-09 17:35:09.685 TRACE 4651 --- [    Test worker] o.h.type.descriptor.sql.BasicBinder      : binding parameter [2] as [INTEGER] - [10000]
2023-08-09 17:35:09.690  INFO 4651 --- [    Test worker] o.s.t.c.transaction.TransactionContext   : Rolled back transaction for test: [DefaultTestContext@29caf222 testClass = ItemRepositoryTestV3, testInstance = hello.itemservice.domain.ItemRepositoryTestV3@186fc6e, testMethod = findItems@ItemRepositoryTestV3, testException = [null], mergedContextConfiguration = [WebMergedContextConfiguration@46cf05f7 testClass = ItemRepositoryTestV3, locations = '{}', classes = '{class hello.itemservice.ItemServiceApplication}', contextInitializerClasses = '[]', activeProfiles = '{}', propertySourceLocations = '{}', propertySourceProperties = '{org.springframework.boot.test.context.SpringBootTestContextBootstrapper=true}', contextCustomizers = set[org.springframework.boot.test.autoconfigure.actuate.metrics.MetricsExportContextCustomizerFactory$DisableMetricExportContextCustomizer@7c541c15, org.springframework.boot.test.autoconfigure.properties.PropertyMappingContextCustomizer@0, org.springframework.boot.test.autoconfigure.web.servlet.WebDriverContextCustomizerFactory$Customizer@7516e4e5, org.springframework.boot.test.context.filter.ExcludeFilterContextCustomizer@3e7634b9, org.springframework.boot.test.json.DuplicateJsonObjectContextCustomizerFactory$DuplicateJsonObjectContextCustomizer@320de594, org.springframework.boot.test.mock.mockito.MockitoContextCustomizer@0, org.springframework.boot.test.web.client.TestRestTemplateContextCustomizer@7fc6de5b, org.springframework.boot.test.context.SpringBootTestArgs@1, org.springframework.boot.test.context.SpringBootTestWebEnvironment@7f2cfe3f], resourceBasePath = 'src/main/webapp', contextLoader = 'org.springframework.boot.test.context.SpringBootContextLoader', parent = [null]], attributes = map['org.springframework.test.context.web.ServletTestExecutionListener.activateListener' -> true, 'org.springframework.test.context.web.ServletTestExecutionListener.populatedRequestContextHolder' -> true, 'org.springframework.test.context.web.ServletTestExecutionListener.resetRequestContextHolder' -> true, 'org.springframework.test.context.event.ApplicationEventsTestExecutionListener.recordApplicationEvents' -> false]]
]]></system-out>
  <system-err><![CDATA[]]></system-err>
</testsuite>
